   -8.7691    0.0002    0.0067    0.0067    0.0067    0.0203
   -8.6691    0.0007    0.0149    0.0149    0.0149    0.0453
   -8.5691    0.0010    0.0214    0.0214    0.0214    0.0652
   -8.4691    0.0013    0.0272    0.0272    0.0272    0.0830
   -8.3691    0.0016    0.0331    0.0331    0.0331    0.1009
   -8.2691    0.0018    0.0383    0.0383    0.0383    0.1168
   -8.1691    0.0020    0.0428    0.0428    0.0428    0.1303
   -8.0691    0.0022    0.0467    0.0467    0.0467    0.1424
   -7.9691    0.0024    0.0502    0.0502    0.0502    0.1531
   -7.8691    0.0025    0.0532    0.0532    0.0532    0.1622
   -7.7691    0.0026    0.0558    0.0558    0.0558    0.1700
   -7.6691    0.0027    0.0581    0.0581    0.0581    0.1771
   -7.5691    0.0028    0.0598    0.0598    0.0598    0.1822
   -7.4691    0.0029    0.0610    0.0610    0.0610    0.1858
   -7.3691    0.0029    0.0617    0.0617    0.0617    0.1879
   -7.2691    0.0030    0.0622    0.0621    0.0622    0.1894
   -7.1691    0.0030    0.0625    0.0625    0.0625    0.1906
   -7.0691    0.0031    0.0628    0.0628    0.0628    0.1915
   -6.9691    0.0031    0.0631    0.0631    0.0631    0.1924
   -6.8691    0.0032    0.0633    0.0633    0.0633    0.1931
   -6.7691    0.0032    0.0635    0.0635    0.0635    0.1938
   -6.6691    0.0033    0.0637    0.0637    0.0637    0.1944
   -6.5691    0.0033    0.0639    0.0639    0.0639    0.1949
   -6.4691    0.0033    0.0640    0.0640    0.0640    0.1954
   -6.3691    0.0034    0.0642    0.0642    0.0642    0.1959
   -6.2691    0.0034    0.0643    0.0643    0.0643    0.1964
   -6.1691    0.0035    0.0644    0.0644    0.0644    0.1968
   -6.0691    0.0035    0.0646    0.0646    0.0646    0.1972
   -5.9691    0.0036    0.0647    0.0647    0.0647    0.1976
   -5.8691    0.0036    0.0648    0.0648    0.0648    0.1980
   -5.7691    0.0037    0.0649    0.0649    0.0649    0.1984
   -5.6691    0.0037    0.0650    0.0650    0.0650    0.1988
   -5.5691    0.0037    0.0651    0.0651    0.0651    0.1991
   -5.4691    0.0038    0.0652    0.0652    0.0652    0.1995
   -5.3691    0.0038    0.0653    0.0653    0.0653    0.1998
   -5.2691    0.0039    0.0654    0.0654    0.0654    0.2002
   -5.1691    0.0039    0.0655    0.0655    0.0655    0.2006
   -5.0691    0.0040    0.0656    0.0656    0.0656    0.2009
   -4.9691    0.0041    0.0657    0.0657    0.0657    0.2013
   -4.8691    0.0041    0.0659    0.0658    0.0659    0.2017
   -4.7691    0.0042    0.0660    0.0660    0.0660    0.2021
   -4.6691    0.0043    0.0661    0.0661    0.0661    0.2026
   -4.5691    0.0044    0.0663    0.0663    0.0663    0.2032
   -4.4691    0.0044    0.0665    0.0665    0.0665    0.2040
   -4.3691    0.0046    0.0668    0.0668    0.0668    0.2049
   -4.2691    0.0047    0.0671    0.0671    0.0671    0.2059
   -4.1691    0.0048    0.0674    0.0674    0.0674    0.2069
   -4.0691    0.0050    0.0678    0.0678    0.0678    0.2083
   -3.9691    0.0052    0.0683    0.0683    0.0683    0.2100
   -3.8691    0.0055    0.0689    0.0689    0.0689    0.2121
   -3.7691    0.0057    0.0695    0.0695    0.0695    0.2141
   -3.6691    0.0059    0.0699    0.0699    0.0699    0.2157
   -3.5691    0.0061    0.0704    0.0704    0.0704    0.2174
   -3.4691    0.0065    0.0710    0.0710    0.0710    0.2195
   -3.3691    0.0069    0.0718    0.0718    0.0718    0.2224
   -3.2691    0.0074    0.0729    0.0729    0.0729    0.2260
   -3.1691    0.0079    0.0739    0.0739    0.0739    0.2296
   -3.0691    0.0084    0.0749    0.0748    0.0749    0.2330
   -2.9691    0.0089    0.0757    0.0757    0.0757    0.2359
   -2.8691    0.0094    0.0766    0.0766    0.0766    0.2393
   -2.7691    0.0100    0.0777    0.0777    0.0777    0.2430
