   -8.7691    0.0068    0.0423    0.0423    0.0423    0.0222    0.0222    0.0130    0.0222    0.0130    0.2264    0.0316
   -8.6691    0.0058    0.0370    0.0370    0.0370    0.0205    0.0205    0.0113    0.0205    0.0113    0.2009    0.0646
   -8.5691    0.0040    0.0273    0.0273    0.0273    0.0163    0.0163    0.0082    0.0163    0.0082    0.1513    0.0904
   -8.4691    0.0034    0.0250    0.0250    0.0250    0.0164    0.0164    0.0080    0.0164    0.0080    0.1435    0.1144
   -8.3691    0.0031    0.0246    0.0246    0.0246    0.0174    0.0174    0.0087    0.0174    0.0087    0.1465    0.1390
   -8.2691    0.0028    0.0200    0.0200    0.0200    0.0162    0.0162    0.0071    0.0162    0.0071    0.1255    0.1607
   -8.1691    0.0027    0.0159    0.0159    0.0159    0.0156    0.0156    0.0055    0.0156    0.0055    0.1083    0.1797
   -8.0691    0.0022    0.0137    0.0137    0.0137    0.0151    0.0151    0.0046    0.0151    0.0046    0.0979    0.1970
   -7.9691    0.0018    0.0115    0.0115    0.0115    0.0137    0.0137    0.0042    0.0137    0.0042    0.0857    0.2125
   -7.8691    0.0015    0.0093    0.0093    0.0093    0.0122    0.0122    0.0035    0.0122    0.0035    0.0729    0.2259
   -7.7691    0.0013    0.0074    0.0074    0.0074    0.0115    0.0115    0.0026    0.0115    0.0026    0.0633    0.2377
   -7.6691    0.0011    0.0062    0.0062    0.0062    0.0110    0.0110    0.0021    0.0110    0.0021    0.0571    0.2484
   -7.5691    0.0009    0.0044    0.0044    0.0044    0.0080    0.0080    0.0015    0.0080    0.0015    0.0411    0.2565
   -7.4691    0.0008    0.0032    0.0032    0.0032    0.0055    0.0055    0.0010    0.0055    0.0010    0.0290    0.2621
   -7.3691    0.0008    0.0023    0.0023    0.0023    0.0031    0.0031    0.0008    0.0031    0.0008    0.0184    0.2656
   -7.2691    0.0007    0.0019    0.0019    0.0019    0.0020    0.0020    0.0007    0.0020    0.0007    0.0136    0.2679
   -7.1691    0.0007    0.0016    0.0016    0.0016    0.0015    0.0015    0.0006    0.0015    0.0006    0.0112    0.2697
   -7.0691    0.0007    0.0014    0.0014    0.0014    0.0012    0.0012    0.0005    0.0012    0.0005    0.0098    0.2711
   -6.9691    0.0007    0.0013    0.0013    0.0013    0.0011    0.0011    0.0005    0.0011    0.0005    0.0088    0.2724
   -6.8691    0.0006    0.0012    0.0012    0.0012    0.0010    0.0010    0.0005    0.0010    0.0005    0.0081    0.2735
   -6.7691    0.0006    0.0011    0.0011    0.0011    0.0009    0.0009    0.0005    0.0009    0.0005    0.0076    0.2745
   -6.6691    0.0006    0.0011    0.0011    0.0011    0.0008    0.0008    0.0004    0.0008    0.0004    0.0072    0.2755
   -6.5691    0.0006    0.0010    0.0010    0.0010    0.0008    0.0008    0.0004    0.0008    0.0004    0.0069    0.2764
   -6.4691    0.0006    0.0010    0.0010    0.0010    0.0007    0.0007    0.0004    0.0007    0.0004    0.0067    0.2772
   -6.3691    0.0006    0.0010    0.0010    0.0010    0.0007    0.0007    0.0004    0.0007    0.0004    0.0065    0.2780
   -6.2691    0.0006    0.0009    0.0009    0.0009    0.0007    0.0007    0.0004    0.0007    0.0004    0.0064    0.2787
   -6.1691    0.0006    0.0009    0.0009    0.0009    0.0007    0.0007    0.0004    0.0007    0.0004    0.0063    0.2795
   -6.0691    0.0006    0.0009    0.0009    0.0009    0.0007    0.0007    0.0004    0.0007    0.0004    0.0063    0.2802
   -5.9691    0.0006    0.0009    0.0009    0.0009    0.0007    0.0007    0.0004    0.0007    0.0004    0.0063    0.2809
   -5.8691    0.0007    0.0009    0.0009    0.0009    0.0007    0.0007    0.0004    0.0007    0.0004    0.0063    0.2816
   -5.7691    0.0007    0.0009    0.0009    0.0009    0.0007    0.0007    0.0004    0.0007    0.0004    0.0064    0.2822
   -5.6691    0.0007    0.0009    0.0009    0.0009    0.0008    0.0008    0.0004    0.0008    0.0004    0.0065    0.2829
   -5.5691    0.0007    0.0009    0.0009    0.0009    0.0008    0.0008    0.0004    0.0008    0.0004    0.0067    0.2836
   -5.4691    0.0007    0.0009    0.0009    0.0009    0.0008    0.0008    0.0004    0.0008    0.0004    0.0069    0.2843
   -5.3691    0.0007    0.0009    0.0009    0.0009    0.0009    0.0009    0.0004    0.0009    0.0004    0.0072    0.2850
   -5.2691    0.0007    0.0010    0.0010    0.0010    0.0010    0.0010    0.0005    0.0010    0.0005    0.0075    0.2857
   -5.1691    0.0008    0.0010    0.0010    0.0010    0.0011    0.0011    0.0005    0.0011    0.0005    0.0080    0.2865
   -5.0691    0.0008    0.0011    0.0011    0.0011    0.0012    0.0012    0.0005    0.0012    0.0005    0.0086    0.2873
   -4.9691    0.0008    0.0012    0.0012    0.0012    0.0014    0.0014    0.0005    0.0014    0.0005    0.0095    0.2882
   -4.8691    0.0008    0.0014    0.0014    0.0014    0.0017    0.0017    0.0005    0.0017    0.0005    0.0110    0.2891
   -4.7691    0.0009    0.0017    0.0017    0.0017    0.0022    0.0022    0.0005    0.0022    0.0005    0.0137    0.2903
   -4.6691    0.0009    0.0024    0.0024    0.0024    0.0036    0.0036    0.0006    0.0036    0.0006    0.0201    0.2919
   -4.5691    0.0010    0.0039    0.0039    0.0039    0.0064    0.0064    0.0006    0.0064    0.0006    0.0330    0.2943
   -4.4691    0.0011    0.0038    0.0038    0.0038    0.0060    0.0060    0.0006    0.0060    0.0006    0.0317    0.2971
   -4.3691    0.0013    0.0047    0.0047    0.0047    0.0076    0.0076    0.0007    0.0076    0.0007    0.0396    0.3003
   -4.2691    0.0014    0.0047    0.0047    0.0047    0.0077    0.0077    0.0008    0.0077    0.0008    0.0402    0.3038
   -4.1691    0.0016    0.0063    0.0063    0.0063    0.0109    0.0109    0.0009    0.0109    0.0009    0.0550    0.3080
   -4.0691    0.0020    0.0079    0.0079    0.0079    0.0137    0.0137    0.0011    0.0137    0.0011    0.0691    0.3136
   -3.9691    0.0028    0.0103    0.0103    0.0103    0.0173    0.0173    0.0015    0.0173    0.0015    0.0885    0.3206
   -3.8691    0.0030    0.0100    0.0100    0.0100    0.0168    0.0168    0.0016    0.0168    0.0016    0.0868    0.3281
   -3.7691    0.0028    0.0073    0.0073    0.0073    0.0119    0.0119    0.0016    0.0119    0.0016    0.0637    0.3343
   -3.6691    0.0030    0.0072    0.0072    0.0072    0.0116    0.0116    0.0017    0.0116    0.0017    0.0628    0.3397
   -3.5691    0.0036    0.0093    0.0093    0.0093    0.0145    0.0145    0.0019    0.0145    0.0019    0.0786    0.3460
   -3.4691    0.0049    0.0123    0.0123    0.0123    0.0198    0.0198    0.0027    0.0198    0.0027    0.1068    0.3543
   -3.3691    0.0069    0.0166    0.0166    0.0166    0.0278    0.0278    0.0040    0.0278    0.0040    0.1481    0.3657
   -3.2691    0.0072    0.0158    0.0158    0.0158    0.0270    0.0270    0.0044    0.0270    0.0044    0.1443    0.3783
   -3.1691    0.0077    0.0156    0.0156    0.0156    0.0270    0.0270    0.0049    0.0270    0.0049    0.1453    0.3909
   -3.0691    0.0067    0.0130    0.0130    0.0130    0.0209    0.0209    0.0040    0.0209    0.0040    0.1166    0.4019
   -2.9691    0.0076    0.0149    0.0149    0.0149    0.0215    0.0215    0.0041    0.0215    0.0041    0.1250    0.4123
   -2.8691    0.0084    0.0158    0.0158    0.0158    0.0231    0.0231    0.0046    0.0231    0.0046    0.1341    0.4234
   -2.7691    0.0104    0.0190    0.0190    0.0190    0.0282    0.0282    0.0058    0.0282    0.0058    0.1635    0.4364
