   -8.7691    0.0034    0.1340    0.1340    0.1340    0.4055    0.0203
   -8.6691    0.0030    0.1213    0.1213    0.1213    0.3670    0.0453
   -8.5691    0.0019    0.0929    0.0929    0.0929    0.2807    0.0652
   -8.4691    0.0016    0.0896    0.0896    0.0896    0.2705    0.0830
   -8.3691    0.0014    0.0929    0.0929    0.0929    0.2800    0.1009
   -8.2691    0.0014    0.0795    0.0794    0.0795    0.2397    0.1168
   -8.1691    0.0016    0.0690    0.0690    0.0690    0.2086    0.1303
   -8.0691    0.0013    0.0632    0.0632    0.0632    0.1910    0.1424
   -7.9691    0.0010    0.0563    0.0563    0.0563    0.1699    0.1531
   -7.8691    0.0008    0.0483    0.0483    0.0483    0.1458    0.1622
   -7.7691    0.0007    0.0425    0.0425    0.0425    0.1282    0.1700
   -7.6691    0.0006    0.0388    0.0388    0.0388    0.1170    0.1771
   -7.5691    0.0005    0.0275    0.0275    0.0275    0.0831    0.1822
   -7.4691    0.0004    0.0188    0.0188    0.0188    0.0567    0.1858
   -7.3691    0.0004    0.0108    0.0108    0.0108    0.0329    0.1879
   -7.2691    0.0003    0.0073    0.0073    0.0073    0.0221    0.1894
   -7.1691    0.0003    0.0055    0.0055    0.0055    0.0168    0.1906
   -7.0691    0.0003    0.0045    0.0045    0.0045    0.0137    0.1915
   -6.9691    0.0003    0.0038    0.0038    0.0038    0.0116    0.1924
   -6.8691    0.0003    0.0033    0.0033    0.0033    0.0101    0.1931
   -6.7691    0.0003    0.0029    0.0029    0.0029    0.0089    0.1938
   -6.6691    0.0003    0.0026    0.0026    0.0026    0.0080    0.1944
   -6.5691    0.0003    0.0023    0.0023    0.0023    0.0072    0.1949
   -6.4691    0.0003    0.0021    0.0021    0.0021    0.0066    0.1954
   -6.3691    0.0003    0.0020    0.0020    0.0020    0.0061    0.1959
   -6.2691    0.0003    0.0018    0.0018    0.0018    0.0057    0.1964
   -6.1691    0.0003    0.0017    0.0017    0.0017    0.0053    0.1968
   -6.0691    0.0003    0.0016    0.0016    0.0016    0.0050    0.1972
   -5.9691    0.0003    0.0015    0.0015    0.0015    0.0047    0.1976
   -5.8691    0.0003    0.0014    0.0014    0.0014    0.0045    0.1980
   -5.7691    0.0003    0.0013    0.0013    0.0013    0.0042    0.1984
   -5.6691    0.0003    0.0013    0.0013    0.0013    0.0041    0.1988
   -5.5691    0.0003    0.0012    0.0012    0.0012    0.0039    0.1991
   -5.4691    0.0003    0.0012    0.0012    0.0012    0.0037    0.1995
   -5.3691    0.0003    0.0011    0.0011    0.0011    0.0036    0.1998
   -5.2691    0.0003    0.0011    0.0011    0.0011    0.0035    0.2002
   -5.1691    0.0003    0.0010    0.0010    0.0010    0.0034    0.2006
   -5.0691    0.0003    0.0010    0.0010    0.0010    0.0034    0.2009
   -4.9691    0.0003    0.0010    0.0010    0.0010    0.0033    0.2013
   -4.8691    0.0004    0.0010    0.0010    0.0010    0.0033    0.2017
   -4.7691    0.0004    0.0010    0.0010    0.0010    0.0034    0.2021
   -4.6691    0.0006    0.0010    0.0010    0.0010    0.0036    0.2026
   -4.5691    0.0010    0.0010    0.0010    0.0010    0.0041    0.2032
   -4.4691    0.0009    0.0011    0.0011    0.0011    0.0041    0.2040
   -4.3691    0.0011    0.0011    0.0011    0.0011    0.0045    0.2049
   -4.2691    0.0011    0.0012    0.0012    0.0012    0.0048    0.2059
   -4.1691    0.0015    0.0016    0.0016    0.0016    0.0061    0.2069
   -4.0691    0.0018    0.0018    0.0018    0.0018    0.0071    0.2083
   -3.9691    0.0023    0.0020    0.0020    0.0020    0.0082    0.2100
   -3.8691    0.0022    0.0020    0.0020    0.0020    0.0082    0.2121
   -3.7691    0.0016    0.0017    0.0017    0.0017    0.0068    0.2141
   -3.6691    0.0016    0.0018    0.0018    0.0018    0.0069    0.2157
   -3.5691    0.0019    0.0022    0.0022    0.0022    0.0084    0.2174
   -3.4691    0.0025    0.0029    0.0029    0.0029    0.0112    0.2195
   -3.3691    0.0033    0.0042    0.0042    0.0042    0.0158    0.2224
   -3.2691    0.0032    0.0043    0.0043    0.0043    0.0160    0.2260
   -3.1691    0.0031    0.0045    0.0045    0.0045    0.0167    0.2296
   -3.0691    0.0025    0.0036    0.0036    0.0036    0.0134    0.2330
   -2.9691    0.0028    0.0035    0.0035    0.0035    0.0132    0.2359
   -2.8691    0.0029    0.0040    0.0040    0.0040    0.0148    0.2393
   -2.7691    0.0034    0.0050    0.0050    0.0050    0.0184    0.2430
